<?xml version="1.0" encoding="UTF-8"?>
<testsuite name="SimpleBankSystemTest" tests="1" skipped="0" failures="1" errors="0" timestamp="2020-11-05T12:08:49" hostname="GROSZEK-PC" time="0.96">
  <properties/>
  <testcase name="start" classname="SimpleBankSystemTest" time="0.96">
    <failure message="java.lang.AssertionError: Wrong answer in test #11&#10;&#10;You should not allow a transfer if there is not enough money in the account to complete it. You should print 'Not enough money!'&#10;&#10;Please find below the output of your program during this failed test.&#10;Note that the '&gt;' character indicates the beginning of the input line.&#10;&#10;---&#10;&#10;Arguments: -fileName card.s3db&#10;&#10;1. Create an account&#10;2. Log into account&#10;0. Exit&#10;&gt; 1&#10;&#10;Your card has been created&#10;Your card number:&#10;4000003685810000&#10;Your card PIN:&#10;9344&#10;&#10;1. Create an account&#10;2. Log into account&#10;0. Exit&#10;&gt; 1&#10;&#10;Your card has been created&#10;Your card number:&#10;4000003866661032&#10;Your card PIN:&#10;2380&#10;&#10;1. Create an account&#10;2. Log into account&#10;0. Exit&#10;&gt; 2&#10;&#10;Enter your card number:&#10;&gt; 4000003866661032&#10;Enter your PIN:&#10;&gt; 2380&#10;You have successfully logged in!&#10;&#10;1. Balance&#10;2. Add income&#10;3. Do transfer&#10;4. Close account&#10;5. Log out&#10;0. Exit&#10;&gt; 3&#10;&#10;Transfer&#10;Enter card number:&#10;&gt; 2000007269641764&#10;Probably you made mistake in the card number. Please try again!&#10;&#10;1. Balance&#10;2. Add income&#10;3. Do transfer&#10;4. Close account&#10;5. Log out&#10;0. Exit&#10;&gt; 3&#10;&#10;Transfer&#10;Enter card number:&#10;&gt; 2000007269641768&#10;ERRRRROR: ResultSet closed&#10;Such a card does not exist.&#10;1. Balance&#10;2. Add income&#10;3. Do transfer&#10;4. Close account&#10;5. Log out&#10;0. Exit&#10;&gt; 3&#10;&#10;Transfer&#10;Enter card number:&#10;&gt; 4000003685810000&#10;Enter how much money you want to transfer:&#10;&gt; 100000&#10;Success!&#10;1. Balance&#10;2. Add income&#10;3. Do transfer&#10;4. Close account&#10;5. Log out&#10;0. Exit" type="java.lang.AssertionError">java.lang.AssertionError: Wrong answer in test #11

You should not allow a transfer if there is not enough money in the account to complete it. You should print 'Not enough money!'

Please find below the output of your program during this failed test.
Note that the '&gt;' character indicates the beginning of the input line.

---

Arguments: -fileName card.s3db

1. Create an account
2. Log into account
0. Exit
&gt; 1

Your card has been created
Your card number:
4000003685810000
Your card PIN:
9344

1. Create an account
2. Log into account
0. Exit
&gt; 1

Your card has been created
Your card number:
4000003866661032
Your card PIN:
2380

1. Create an account
2. Log into account
0. Exit
&gt; 2

Enter your card number:
&gt; 4000003866661032
Enter your PIN:
&gt; 2380
You have successfully logged in!

1. Balance
2. Add income
3. Do transfer
4. Close account
5. Log out
0. Exit
&gt; 3

Transfer
Enter card number:
&gt; 2000007269641764
Probably you made mistake in the card number. Please try again!

1. Balance
2. Add income
3. Do transfer
4. Close account
5. Log out
0. Exit
&gt; 3

Transfer
Enter card number:
&gt; 2000007269641768
ERRRRROR: ResultSet closed
Such a card does not exist.
1. Balance
2. Add income
3. Do transfer
4. Close account
5. Log out
0. Exit
&gt; 3

Transfer
Enter card number:
&gt; 4000003685810000
Enter how much money you want to transfer:
&gt; 100000
Success!
1. Balance
2. Add income
3. Do transfer
4. Close account
5. Log out
0. Exit
	at org.junit.Assert.fail(Assert.java:88)
	at org.hyperskill.hstest.stage.StageTest.start(StageTest.java:103)
	at java.base/jdk.internal.reflect.NativeMethodAccessorImpl.invoke0(Native Method)
	at java.base/jdk.internal.reflect.NativeMethodAccessorImpl.invoke(NativeMethodAccessorImpl.java:62)
	at java.base/jdk.internal.reflect.DelegatingMethodAccessorImpl.invoke(DelegatingMethodAccessorImpl.java:43)
	at java.base/java.lang.reflect.Method.invoke(Method.java:566)
	at org.junit.runners.model.FrameworkMethod$1.runReflectiveCall(FrameworkMethod.java:50)
	at org.junit.internal.runners.model.ReflectiveCallable.run(ReflectiveCallable.java:12)
	at org.junit.runners.model.FrameworkMethod.invokeExplosively(FrameworkMethod.java:47)
	at org.junit.internal.runners.statements.InvokeMethod.evaluate(InvokeMethod.java:17)
	at org.junit.runners.ParentRunner.runLeaf(ParentRunner.java:325)
	at org.junit.runners.BlockJUnit4ClassRunner.runChild(BlockJUnit4ClassRunner.java:78)
	at org.junit.runners.BlockJUnit4ClassRunner.runChild(BlockJUnit4ClassRunner.java:57)
	at org.junit.runners.ParentRunner$3.run(ParentRunner.java:290)
	at org.junit.runners.ParentRunner$1.schedule(ParentRunner.java:71)
	at org.junit.runners.ParentRunner.runChildren(ParentRunner.java:288)
	at org.junit.runners.ParentRunner.access$000(ParentRunner.java:58)
	at org.junit.runners.ParentRunner$2.evaluate(ParentRunner.java:268)
	at org.junit.internal.runners.statements.RunBefores.evaluate(RunBefores.java:26)
	at org.junit.internal.runners.statements.RunAfters.evaluate(RunAfters.java:27)
	at org.junit.runners.ParentRunner.run(ParentRunner.java:363)
	at org.gradle.api.internal.tasks.testing.junit.JUnitTestClassExecutor.runTestClass(JUnitTestClassExecutor.java:110)
	at org.gradle.api.internal.tasks.testing.junit.JUnitTestClassExecutor.execute(JUnitTestClassExecutor.java:58)
	at org.gradle.api.internal.tasks.testing.junit.JUnitTestClassExecutor.execute(JUnitTestClassExecutor.java:38)
	at org.gradle.api.internal.tasks.testing.junit.AbstractJUnitTestClassProcessor.processTestClass(AbstractJUnitTestClassProcessor.java:62)
	at org.gradle.api.internal.tasks.testing.SuiteTestClassProcessor.processTestClass(SuiteTestClassProcessor.java:51)
	at java.base/jdk.internal.reflect.NativeMethodAccessorImpl.invoke0(Native Method)
	at java.base/jdk.internal.reflect.NativeMethodAccessorImpl.invoke(NativeMethodAccessorImpl.java:62)
	at java.base/jdk.internal.reflect.DelegatingMethodAccessorImpl.invoke(DelegatingMethodAccessorImpl.java:43)
	at java.base/java.lang.reflect.Method.invoke(Method.java:566)
	at org.gradle.internal.dispatch.ReflectionDispatch.dispatch(ReflectionDispatch.java:36)
	at org.gradle.internal.dispatch.ReflectionDispatch.dispatch(ReflectionDispatch.java:24)
	at org.gradle.internal.dispatch.ContextClassLoaderDispatch.dispatch(ContextClassLoaderDispatch.java:33)
	at org.gradle.internal.dispatch.ProxyDispatchAdapter$DispatchingInvocationHandler.invoke(ProxyDispatchAdapter.java:94)
	at com.sun.proxy.$Proxy2.processTestClass(Unknown Source)
	at org.gradle.api.internal.tasks.testing.worker.TestWorker.processTestClass(TestWorker.java:119)
	at java.base/jdk.internal.reflect.NativeMethodAccessorImpl.invoke0(Native Method)
	at java.base/jdk.internal.reflect.NativeMethodAccessorImpl.invoke(NativeMethodAccessorImpl.java:62)
	at java.base/jdk.internal.reflect.DelegatingMethodAccessorImpl.invoke(DelegatingMethodAccessorImpl.java:43)
	at java.base/java.lang.reflect.Method.invoke(Method.java:566)
	at org.gradle.internal.dispatch.ReflectionDispatch.dispatch(ReflectionDispatch.java:36)
	at org.gradle.internal.dispatch.ReflectionDispatch.dispatch(ReflectionDispatch.java:24)
	at org.gradle.internal.remote.internal.hub.MessageHubBackedObjectConnection$DispatchWrapper.dispatch(MessageHubBackedObjectConnection.java:182)
	at org.gradle.internal.remote.internal.hub.MessageHubBackedObjectConnection$DispatchWrapper.dispatch(MessageHubBackedObjectConnection.java:164)
	at org.gradle.internal.remote.internal.hub.MessageHub$Handler.run(MessageHub.java:414)
	at org.gradle.internal.concurrent.ExecutorPolicy$CatchAndRecordFailures.onExecute(ExecutorPolicy.java:64)
	at org.gradle.internal.concurrent.ManagedExecutorImpl$1.run(ManagedExecutorImpl.java:48)
	at java.base/java.util.concurrent.ThreadPoolExecutor.runWorker(ThreadPoolExecutor.java:1128)
	at java.base/java.util.concurrent.ThreadPoolExecutor$Worker.run(ThreadPoolExecutor.java:628)
	at org.gradle.internal.concurrent.ThreadFactoryImpl$ManagedThreadRunnable.run(ThreadFactoryImpl.java:56)
	at java.base/java.lang.Thread.run(Thread.java:834)
</failure>
  </testcase>
  <system-out><![CDATA[?[1;31m
Start test 1?[0m
1. Create an account
2. Log into account
0. Exit
> 0

Bye!
?[1;31m
Start test 2?[0m
1. Create an account
2. Log into account
0. Exit
> 0

Bye!
?[1;31m
Start test 3?[0m
1. Create an account
2. Log into account
0. Exit
> 0

Bye!
?[1;31m
Start test 4?[0m
1. Create an account
2. Log into account
0. Exit
> 0

Bye!
?[1;31m
Start test 5?[0m
1. Create an account
2. Log into account
0. Exit
> 1

Your card has been created
Your card number:
4000007884436939
Your card PIN:
4479

1. Create an account
2. Log into account
0. Exit
> 1

Your card has been created
Your card number:
4000006023268179
Your card PIN:
9076

1. Create an account
2. Log into account
0. Exit
> 1

Your card has been created
Your card number:
4000008836136775
Your card PIN:
4506

1. Create an account
2. Log into account
0. Exit
> 1

Your card has been created
Your card number:
4000001574552709
Your card PIN:
7599

1. Create an account
2. Log into account
0. Exit
> 1

Your card has been created
Your card number:
4000002267727152
Your card PIN:
7983

1. Create an account
2. Log into account
0. Exit
> 0

Bye!
4000007884436939
4000006023268179
4000008836136775
4000001574552709
4000002267727152
?[1;31m
Start test 6?[0m
1. Create an account
2. Log into account
0. Exit
> 1

Your card has been created
Your card number:
4000009318898973
Your card PIN:
4618

1. Create an account
2. Log into account
0. Exit
> 2

Enter your card number:
> 4000009318898973
Enter your PIN:
> 4618
You have successfully logged in!

1. Balance
2. Add income
3. Do transfer
4. Close account
5. Log out
0. Exit
> 0

?[1;31m
Start test 7?[0m
1. Create an account
2. Log into account
0. Exit
> 1

Your card has been created
Your card number:
4000002221135997
Your card PIN:
1011

1. Create an account
2. Log into account
0. Exit
> 2

Enter your card number:
> 4000002221135997
Enter your PIN:
> 1055
Wrong card number or PIN!

1. Create an account
2. Log into account
0. Exit
> 0

Bye!
?[1;31m
Start test 8?[0m
1. Create an account
2. Log into account
0. Exit
> 1

Your card has been created
Your card number:
4000002292198288
Your card PIN:
1288

1. Create an account
2. Log into account
0. Exit
> 2

Enter your card number:
> 400000291822641
Enter your PIN:
> 1288
ERRRRROR: ResultSet closed
Wrong card number or PIN!

1. Create an account
2. Log into account
0. Exit
> 0

Bye!
?[1;31m
Start test 9?[0m
1. Create an account
2. Log into account
0. Exit
> 1

Your card has been created
Your card number:
4000005591711347
Your card PIN:
4697

1. Create an account
2. Log into account
0. Exit
> 2

Enter your card number:
> 4000005591711347
Enter your PIN:
> 4697
You have successfully logged in!

1. Balance
2. Add income
3. Do transfer
4. Close account
5. Log out
0. Exit
> 1

Balance: 0

1. Balance
2. Add income
3. Do transfer
4. Close account
5. Log out
0. Exit
> 0

?[1;31m
Start test 10?[0m
1. Create an account
2. Log into account
0. Exit
> 1

Your card has been created
Your card number:
4000002234967246
Your card PIN:
1842

1. Create an account
2. Log into account
0. Exit
> 2

Enter your card number:
> 4000002234967246
Enter your PIN:
> 1842
You have successfully logged in!

1. Balance
2. Add income
3. Do transfer
4. Close account
5. Log out
0. Exit
> 2

Enter income:
> 10000
Income was added!

1. Balance
2. Add income
3. Do transfer
4. Close account
5. Log out
0. Exit
> 0

1. Create an account
2. Log into account
0. Exit
> 2

Enter your card number:
> 4000002234967246
Enter your PIN:
> 1842
You have successfully logged in!

1. Balance
2. Add income
3. Do transfer
4. Close account
5. Log out
0. Exit
> 2

Enter income:
> 15000
Income was added!

1. Balance
2. Add income
3. Do transfer
4. Close account
5. Log out
0. Exit
> 0

?[1;31m
Start test 11?[0m
1. Create an account
2. Log into account
0. Exit
> 1

Your card has been created
Your card number:
4000003685810000
Your card PIN:
9344

1. Create an account
2. Log into account
0. Exit
> 1

Your card has been created
Your card number:
4000003866661032
Your card PIN:
2380

1. Create an account
2. Log into account
0. Exit
> 2

Enter your card number:
> 4000003866661032
Enter your PIN:
> 2380
You have successfully logged in!

1. Balance
2. Add income
3. Do transfer
4. Close account
5. Log out
0. Exit
> 3

Transfer
Enter card number:
> 2000007269641764
Probably you made mistake in the card number. Please try again!

1. Balance
2. Add income
3. Do transfer
4. Close account
5. Log out
0. Exit
> 3

Transfer
Enter card number:
> 2000007269641768
ERRRRROR: ResultSet closed
Such a card does not exist.
1. Balance
2. Add income
3. Do transfer
4. Close account
5. Log out
0. Exit
> 3

Transfer
Enter card number:
> 4000003685810000
Enter how much money you want to transfer:
> 100000
Success!
1. Balance
2. Add income
3. Do transfer
4. Close account
5. Log out
0. Exit
]]></system-out>
  <system-err><![CDATA[]]></system-err>
</testsuite>
