<?xml version="1.0" encoding="UTF-8"?>
<testsuite name="SimpleBankSystemTest" tests="1" skipped="0" failures="0" errors="0" timestamp="2020-08-11T23:01:21" hostname="Groszek-PC" time="0.441">
  <properties/>
  <testcase name="start" classname="SimpleBankSystemTest" time="0.441"/>
  <system-out><![CDATA[?[1;31m
Start test 1?[0m
1. Create an account
2. Log into account
0. Exit
> 0

Bye!
?[1;31m
Start test 2?[0m
1. Create an account
2. Log into account
0. Exit
> 0

Bye!
?[1;31m
Start test 3?[0m
1. Create an account
2. Log into account
0. Exit
> 0

Bye!
?[1;31m
Start test 4?[0m
1. Create an account
2. Log into account
0. Exit
> 0

Bye!
?[1;31m
Start test 5?[0m
1. Create an account
2. Log into account
0. Exit
> 1

9
Your card has been created
Your card number:
4000001247077639
Your card PIN:
7451

1. Create an account
2. Log into account
0. Exit
> 1

6
Your card has been created
Your card number:
4000000865300356
Your card PIN:
8193

1. Create an account
2. Log into account
0. Exit
> 1

1
Your card has been created
Your card number:
4000003573276991
Your card PIN:
1334

1. Create an account
2. Log into account
0. Exit
> 1

8
Your card has been created
Your card number:
4000007090484558
Your card PIN:
1196

1. Create an account
2. Log into account
0. Exit
> 0

Bye!
?[1;31m
Start test 6?[0m
1. Create an account
2. Log into account
0. Exit
> 1

9
Your card has been created
Your card number:
4000000322592629
Your card PIN:
2390

1. Create an account
2. Log into account
0. Exit
> 2

Enter your card number:
> 4000000322592629
Enter your PIN:
> 2390
You have successfully logged in!

1. Balance
2. Log out
0. Exit
> 0
?[1;31m
Start test 7?[0m
1. Create an account
2. Log into account
0. Exit
> 1

5
Your card has been created
Your card number:
4000009633631935
Your card PIN:
0307

1. Create an account
2. Log into account
0. Exit
> 2

Enter your card number:
> 4000009633631935
Enter your PIN:
> 9417
Wrong card number or PIN!

1. Create an account
2. Log into account
0. Exit
> 0

Bye!
?[1;31m
Start test 8?[0m
1. Create an account
2. Log into account
0. Exit
> 1

3
Your card has been created
Your card number:
4000001427394473
Your card PIN:
7278

1. Create an account
2. Log into account
0. Exit
> 2

Enter your card number:
> 400000219683115
Enter your PIN:
> 7278
Wrong card number or PIN!
1. Create an account
2. Log into account
0. Exit
> 0

Bye!
?[1;31m
Start test 9?[0m
1. Create an account
2. Log into account
0. Exit
> 1

6
Your card has been created
Your card number:
4000003885403036
Your card PIN:
7008

1. Create an account
2. Log into account
0. Exit
> 2

Enter your card number:
> 4000003885403036
Enter your PIN:
> 7008
You have successfully logged in!

1. Balance
2. Log out
0. Exit
> 1
Balance: 0

1. Balance
2. Log out
0. Exit
> 0
]]></system-out>
  <system-err><![CDATA[]]></system-err>
</testsuite>
